{"meta": {"version": "6.2", "timestamp": "2022-01-03T21:30:50.290321", "branch_coverage": false, "show_contexts": false}, "files": {"service2.py": {"executed_lines": [1, 3, 4, 8, 9, 11], "summary": {"covered_lines": 5, "num_statements": 7, "percent_covered": 71.42857142857143, "percent_covered_display": "71", "missing_lines": 2, "excluded_lines": 0}, "missing_lines": [5, 6], "excluded_lines": []}, "test/test_service2.py": {"executed_lines": [1, 3, 4], "summary": {"covered_lines": 3, "num_statements": 3, "percent_covered": 100.0, "percent_covered_display": "100", "missing_lines": 0, "excluded_lines": 0}, "missing_lines": [], "excluded_lines": []}}, "totals": {"covered_lines": 8, "num_statements": 10, "percent_covered": 80.0, "percent_covered_display": "80", "missing_lines": 2, "excluded_lines": 0}}